[2017-08-18 11:35:22.432] [INFO] absolute-logger - 系统提醒消息发送成功！ 用户新增博客提醒
[2017-08-18 13:53:33.782] [INFO] absolute-logger - [POST]registry-1==>req.body: { username: 'arthursong',
  email: '290612352@qq.com',
  password: '1995jk0403',
  confirmPassword: '1995jk0403' }
[2017-08-18 13:53:33.813] [INFO] absolute-logger - [POST]registry-1==>users: []
[2017-08-18 13:55:33.800] [INFO] absolute-logger - [POST]registry-1==>req.body: { username: 'arthursong',
  email: '290612352@qq.com',
  password: '1995jk0403',
  confirmPassword: '1995jk0403' }
[2017-08-18 13:55:33.813] [INFO] absolute-logger - [POST]registry-1==>users: [ { _id: 599680defd85201d84a507cd,
    username: 'arthursong',
    password: '$2a$10$O/9dAnYMjsrbfweAsrlQb.ZgkJTSeQWYu.Qr3gxFekpz2HE394IYK',
    email: '290612352@qq.com',
    ip: '::1',
    avatar: '/public/upload/avatar/avatar.png',
    accessToken: '1cb433c0-32ac-48d0-b8b4-a34e208c51be',
    __v: 0,
    meta: 
     { lastModified: 2017-08-18T05:53:34.091Z,
       createAt: 2017-08-18T05:53:34.091Z },
    deleted: false,
    active: false,
    role: 10,
    projects: [],
    blogs: [],
    remark: '',
    gender: 0 } ]
[2017-08-18 14:03:02.693] [INFO] absolute-logger - [POST]registry-1==>req.body: { username: 'arthursong',
  email: '290612352@qq.com',
  password: '1995jk0403',
  confirmPassword: '1995jk0403' }
[2017-08-18 14:05:02.706] [INFO] absolute-logger - [POST]registry-1==>req.body: { username: 'arthursong',
  email: '290612352@qq.com',
  password: '1995jk0403',
  confirmPassword: '1995jk0403' }
[2017-12-05 17:33:58.643] [ERROR] absolute-logger - 邮件发送失败！ { Error: getaddrinfo ENOTFOUND ### ###:465
  at errnoException (dns.js:50:10)
  at GetAddrInfoReqWrap.onlookup [as oncomplete] (dns.js:92:26)

  code: 'ECONNECTION',
  errno: 'ENOTFOUND',
  syscall: 'getaddrinfo',
  hostname: '###',
  host: '###',
  port: 465,
  command: 'CONN' } { from: 'Arthur Song <### your account ###>',
  to: '290612352@qq.com',
  subject: 'Arthur Song管理员帐号密码重置通知',
  html: '\n        <p>您好：arthursong</p>\n        <p>您的密码已重置成功,密码与您的用户名相同。</p>\n        <p>若非您本人操作，说明有人滥用了您的电子邮箱，请删除此邮件，我们对给您造成的打扰感到抱歉。</p>\n        <p>Arthur Song 管理员 谨上。</p>\n    ',
  headers: {} }
[2017-12-05 17:34:00.905] [ERROR] absolute-logger - 邮件发送失败！ { Error: getaddrinfo ENOTFOUND ### ###:465
  at errnoException (dns.js:50:10)
  at GetAddrInfoReqWrap.onlookup [as oncomplete] (dns.js:92:26)

  code: 'ECONNECTION',
  errno: 'ENOTFOUND',
  syscall: 'getaddrinfo',
  hostname: '###',
  host: '###',
  port: 465,
  command: 'CONN' } { from: 'Arthur Song <### your account ###>',
  to: '290612352@qq.com',
  subject: 'Arthur Song管理员帐号密码重置通知',
  html: '\n        <p>您好：arthursong</p>\n        <p>您的密码已重置成功,密码与您的用户名相同。</p>\n        <p>若非您本人操作，说明有人滥用了您的电子邮箱，请删除此邮件，我们对给您造成的打扰感到抱歉。</p>\n        <p>Arthur Song 管理员 谨上。</p>\n    ',
  headers: {} }
[2017-12-05 17:34:03.161] [ERROR] absolute-logger - 邮件发送失败！ { Error: getaddrinfo ENOTFOUND ### ###:465
  at errnoException (dns.js:50:10)
  at GetAddrInfoReqWrap.onlookup [as oncomplete] (dns.js:92:26)

  code: 'ECONNECTION',
  errno: 'ENOTFOUND',
  syscall: 'getaddrinfo',
  hostname: '###',
  host: '###',
  port: 465,
  command: 'CONN' } { from: 'Arthur Song <### your account ###>',
  to: '290612352@qq.com',
  subject: 'Arthur Song管理员帐号密码重置通知',
  html: '\n        <p>您好：arthursong</p>\n        <p>您的密码已重置成功,密码与您的用户名相同。</p>\n        <p>若非您本人操作，说明有人滥用了您的电子邮箱，请删除此邮件，我们对给您造成的打扰感到抱歉。</p>\n        <p>Arthur Song 管理员 谨上。</p>\n    ',
  headers: {} }
[2017-12-05 17:34:05.416] [ERROR] absolute-logger - 邮件发送失败！ { Error: getaddrinfo ENOTFOUND ### ###:465
  at errnoException (dns.js:50:10)
  at GetAddrInfoReqWrap.onlookup [as oncomplete] (dns.js:92:26)

  code: 'ECONNECTION',
  errno: 'ENOTFOUND',
  syscall: 'getaddrinfo',
  hostname: '###',
  host: '###',
  port: 465,
  command: 'CONN' } { from: 'Arthur Song <### your account ###>',
  to: '290612352@qq.com',
  subject: 'Arthur Song管理员帐号密码重置通知',
  html: '\n        <p>您好：arthursong</p>\n        <p>您的密码已重置成功,密码与您的用户名相同。</p>\n        <p>若非您本人操作，说明有人滥用了您的电子邮箱，请删除此邮件，我们对给您造成的打扰感到抱歉。</p>\n        <p>Arthur Song 管理员 谨上。</p>\n    ',
  headers: {} }
[2017-12-05 17:34:07.668] [ERROR] absolute-logger - 邮件发送失败！ { Error: getaddrinfo ENOTFOUND ### ###:465
  at errnoException (dns.js:50:10)
  at GetAddrInfoReqWrap.onlookup [as oncomplete] (dns.js:92:26)

  code: 'ECONNECTION',
  errno: 'ENOTFOUND',
  syscall: 'getaddrinfo',
  hostname: '###',
  host: '###',
  port: 465,
  command: 'CONN' } { from: 'Arthur Song <### your account ###>',
  to: '290612352@qq.com',
  subject: 'Arthur Song管理员帐号密码重置通知',
  html: '\n        <p>您好：arthursong</p>\n        <p>您的密码已重置成功,密码与您的用户名相同。</p>\n        <p>若非您本人操作，说明有人滥用了您的电子邮箱，请删除此邮件，我们对给您造成的打扰感到抱歉。</p>\n        <p>Arthur Song 管理员 谨上。</p>\n    ',
  headers: {} }
